Build started 03-04-2015 17:18:40.
     1>Project "C:\Users\Computer1\Documents\GitHub\Introduktion-til-computergrafik\Grafik2_2\Grafik2_2.vcxproj" on node 2 (Build target(s)).
     1>ClCompile:
         F:\Microsoft Visual Studio 12.0\VC\bin\CL.exe /c /I"F:\build\glew-1.12.0\include" /I"F:\build\glfw-3.1.bin.WIN32\include" /IF:\build\glm /ZI /nologo /W3 /WX- /sdl /Od /Oy- /D _CRT_SECURE_NO_WARNINGS /D _MBCS /Gm /EHsc /RTC1 /MDd /GS /fp:precise /Zc:wchar_t /Zc:forScope /Fo"Debug\\" /Fd"Debug\vc120.pdb" /Gd /TP /analyze- /errorReport:prompt main.cpp
         main.cpp
     1>c:\program files (x86)\windows kits\8.1\include\shared\minwindef.h(130): warning C4005: 'APIENTRY' : macro redefinition
                 f:\build\glfw-3.1.bin.win32\include\glfw\glfw3.h(96) : see previous definition of 'APIENTRY'
     1>c:\users\computer1\documents\github\introduktion-til-computergrafik\grafik2_2\main.cpp(198): warning C4244: 'initializing' : conversion from 'float' to 'int', possible loss of data
     1>c:\users\computer1\documents\github\introduktion-til-computergrafik\grafik2_2\main.cpp(205): warning C4244: 'argument' : conversion from 'float' to 'int', possible loss of data
     1>c:\users\computer1\documents\github\introduktion-til-computergrafik\grafik2_2\main.cpp(206): warning C4244: 'argument' : conversion from 'float' to 'int', possible loss of data
     1>c:\users\computer1\documents\github\introduktion-til-computergrafik\grafik2_2\main.cpp(210): warning C4244: 'argument' : conversion from 'float' to 'int', possible loss of data
     1>c:\users\computer1\documents\github\introduktion-til-computergrafik\grafik2_2\main.cpp(211): warning C4244: 'argument' : conversion from 'float' to 'int', possible loss of data
     1>c:\users\computer1\documents\github\introduktion-til-computergrafik\grafik2_2\main.cpp(215): warning C4244: 'argument' : conversion from 'float' to 'int', possible loss of data
     1>c:\users\computer1\documents\github\introduktion-til-computergrafik\grafik2_2\main.cpp(216): warning C4244: 'argument' : conversion from 'float' to 'int', possible loss of data
     1>c:\users\computer1\documents\github\introduktion-til-computergrafik\grafik2_2\main.cpp(220): warning C4244: 'argument' : conversion from 'float' to 'int', possible loss of data
     1>c:\users\computer1\documents\github\introduktion-til-computergrafik\grafik2_2\main.cpp(221): warning C4244: 'argument' : conversion from 'float' to 'int', possible loss of data
       Link:
         F:\Microsoft Visual Studio 12.0\VC\bin\link.exe /ERRORREPORT:PROMPT /OUT:"C:\Users\Computer1\Documents\GitHub\Introduktion-til-computergrafik\Grafik2_2\Debug\Grafik2_2.exe" /INCREMENTAL /NOLOGO /LIBPATH:"F:\build\glew-1.12.0\lib\Release\Win32" /LIBPATH:"F:\build\glfw-3.1.bin.WIN32\lib-vc2013" opengl32.lib glew32.lib glfw3.lib kernel32.lib user32.lib gdi32.lib winspool.lib comdlg32.lib advapi32.lib shell32.lib ole32.lib oleaut32.lib uuid.lib odbc32.lib odbccp32.lib /MANIFEST /MANIFESTUAC:"level='asInvoker' uiAccess='false'" /manifest:embed /DEBUG /PDB:"C:\Users\Computer1\Documents\GitHub\Introduktion-til-computergrafik\Grafik2_2\Debug\Grafik2_2.pdb" /TLBID:1 /DYNAMICBASE /NXCOMPAT /IMPLIB:"C:\Users\Computer1\Documents\GitHub\Introduktion-til-computergrafik\Grafik2_2\Debug\Grafik2_2.lib" /MACHINE:X86 Debug\DotMaker.obj
         Debug\main.obj
         Debug\ShaderProgram.obj
         Grafik2_2.vcxproj -> C:\Users\Computer1\Documents\GitHub\Introduktion-til-computergrafik\Grafik2_2\Debug\Grafik2_2.exe
     1>Done Building Project "C:\Users\Computer1\Documents\GitHub\Introduktion-til-computergrafik\Grafik2_2\Grafik2_2.vcxproj" (Build target(s)).

Build succeeded.

Time Elapsed 00:00:01.12
